<?xml version="1.0" encoding="UTF-8"?>
<testng-results skipped="0" failed="0" total="1" passed="1">
  <reporter-output>
  </reporter-output>
  <suite name="Default suite" duration-ms="7625" started-at="2022-07-22T07:23:24Z" finished-at="2022-07-22T07:23:31Z">
    <groups>
    </groups>
    <test name="Default test" duration-ms="7625" started-at="2022-07-22T07:23:24Z" finished-at="2022-07-22T07:23:31Z">
      <class name="com.script.Main">
        <test-method status="PASS" signature="startTest()[pri:0, instance:com.script.Main@2b98378d]" name="startTest" is-config="true" duration-ms="99" started-at="2022-07-22T12:53:24Z" finished-at="2022-07-22T12:53:24Z">
          <reporter-output>
          </reporter-output>
        </test-method> <!-- startTest -->
        <test-method status="PASS" signature="extentReportsDemo()[pri:0, instance:com.script.Main@2b98378d]" name="extentReportsDemo" duration-ms="7322" started-at="2022-07-22T12:53:24Z" finished-at="2022-07-22T12:53:31Z">
          <reporter-output>
          </reporter-output>
        </test-method> <!-- extentReportsDemo -->
        <test-method status="PASS" signature="endTest()[pri:0, instance:com.script.Main@2b98378d]" name="endTest" is-config="true" duration-ms="189" started-at="2022-07-22T12:53:31Z" finished-at="2022-07-22T12:53:31Z">
          <reporter-output>
          </reporter-output>
        </test-method> <!-- endTest -->
      </class> <!-- com.script.Main -->
    </test> <!-- Default test -->
  </suite> <!-- Default suite -->
</testng-results>
